<?xml version="1.0" encoding="UTF-8"?>
<!-- Generated by org.testng.reporters.JUnitReportReporter -->
<testsuite hostname="JIM-TI8227" name="sceanrios_TCs.Cart_Scenario" tests="2" failures="0" timestamp="13 Dec 2015 08:31:27 GMT" time="242.511" errors="0">
  <testcase name="addcart" time="32.942" classname="sceanrios_TCs.Cart_Scenario"/>
  <testcase name="deletecart" time="209.569" classname="sceanrios_TCs.Cart_Scenario"/>
</testsuite> <!-- sceanrios_TCs.Cart_Scenario -->
