<?xml version="1.0" encoding="UTF-8"?>
<!-- Generated by org.testng.reporters.JUnitReportReporter -->
<testsuite hostname="JIM-TI8227" name="sceanrios_TCs.Login_Scenario" tests="3" failures="0" timestamp="13 Dec 2015 08:31:27 GMT" time="254.012" errors="0">
  <testcase name="avalid_login" time="217.093" classname="sceanrios_TCs.Login_Scenario"/>
  <testcase name="invalid_login" time="17.907" classname="sceanrios_TCs.Login_Scenario"/>
  <testcase name="invalid_login" time="19.012" classname="sceanrios_TCs.Login_Scenario"/>
</testsuite> <!-- sceanrios_TCs.Login_Scenario -->
